TN:
SF:/workspaces/codespaces-blank/Invariants-Playground/Malo-Dao/contracts/Interfaces/IGovernanceNFT.sol
end_of_record
SF:/workspaces/codespaces-blank/Invariants-Playground/Malo-Dao/contracts/Interfaces/IMasterChefGovernance.sol
end_of_record
SF:/workspaces/codespaces-blank/Invariants-Playground/Malo-Dao/contracts/Interfaces/IProposalExecutor.sol
end_of_record
SF:/workspaces/codespaces-blank/Invariants-Playground/Malo-Dao/contracts/Interfaces/IStakeManager.sol
end_of_record
SF:/workspaces/codespaces-blank/Invariants-Playground/Malo-Dao/contracts/Interfaces/IWarpMessenger.sol
end_of_record
SF:/workspaces/codespaces-blank/Invariants-Playground/Malo-Dao/contracts/lib/openzeppelin-contracts-upgradeable/contracts/access/AccessControlUpgradeable.sol
DA:78,0
DA:90,0
DA:91,1
DA:97,1
DA:99,11
DA:107,0
DA:115,0
DA:116,0
DA:126,0
DA:128,0
DA:143,0
DA:144,0
DA:158,0
DA:159,0
DA:179,3
DA:180,0
DA:183,3
DA:205,0
DA:207,0
DA:208,0
DA:209,0
DA:210,0
DA:212,1
DA:223,1
DA:225,3
DA:226,0
DA:227,0
DA:228,0
FN:67,_getAccessControlStorage
FNDA:0,_getAccessControlStorage
FN:82,__AccessControl_init
FNDA:0,__AccessControl_init
FN:85,__AccessControl_init_unchained
FNDA:0,__AccessControl_init_unchained
FN:90,supportsInterface
FNDA:1,supportsInterface
FN:97,hasRole
FNDA:1,hasRole
FN:106,_checkRole
FNDA:0,_checkRole
FN:114,_checkRole
FNDA:0,_checkRole
FN:126,getRoleAdmin
FNDA:0,getRoleAdmin
FN:143,grantRole
FNDA:0,grantRole
FN:158,revokeRole
FNDA:0,revokeRole
FN:178,renounceRole
FNDA:1,renounceRole
FN:191,_setRoleAdmin
FNDA:0,_setRoleAdmin
FN:205,_grantRole
FNDA:1,_grantRole
FN:223,_revokeRole
FNDA:1,_revokeRole
end_of_record
SF:/workspaces/codespaces-blank/Invariants-Playground/Malo-Dao/contracts/lib/openzeppelin-contracts-upgradeable/contracts/governance/utils/VotesUpgradeable.sol
DA:37,0
DA:53,0
DA:76,0
DA:77,0
DA:84,0
DA:86,0
DA:87,0
DA:89,0
DA:95,0
DA:96,0
DA:97,0
DA:98,0
DA:104,0
DA:106,0
DA:117,0
DA:119,0
DA:134,0
DA:136,0
DA:150,1
DA:152,14
DA:160,2
DA:174,0
DA:175,0
DA:177,0
DA:178,0
DA:179,0
DA:180,0
DA:181,0
DA:183,0
DA:184,0
DA:193,1
DA:194,2
DA:195,2
DA:197,9
DA:198,5
DA:207,2
DA:208,0
DA:210,2
DA:211,0
DA:213,6
DA:221,12
DA:222,0
DA:223,0
DA:224,0
DA:225,0
DA:226,0
DA:228,0
DA:230,0
DA:231,0
DA:232,0
DA:233,0
DA:234,0
DA:236,0
DA:244,0
DA:246,0
DA:257,0
DA:264,0
DA:265,0
DA:268,0
DA:269,0
DA:272,0
DA:273,0
FN:51,_getVotesStorage
FNDA:0,_getVotesStorage
FN:67,__Votes_init
FNDA:0,__Votes_init
FN:70,__Votes_init_unchained
FNDA:0,__Votes_init_unchained
FN:76,clock
FNDA:0,clock
FN:84,CLOCK_MODE
FNDA:0,CLOCK_MODE
FN:95,_validateTimepoint
FNDA:0,_validateTimepoint
FN:104,getVotes
FNDA:0,getVotes
FN:117,getPastVotes
FNDA:0,getPastVotes
FN:134,getPastTotalSupply
FNDA:0,getPastTotalSupply
FN:142,_getTotalSupply
FNDA:0,_getTotalSupply
FN:150,delegates
FNDA:1,delegates
FN:158,delegate
FNDA:1,delegate
FN:166,delegateBySig
FNDA:0,delegateBySig
FN:192,_delegate
FNDA:1,_delegate
FN:205,_transferVotingUnits
FNDA:1,_transferVotingUnits
FN:219,_moveDelegateVotes
FNDA:1,_moveDelegateVotes
FN:244,_numCheckpoints
FNDA:0,_numCheckpoints
FN:252,_checkpoints
FNDA:0,_checkpoints
FN:260,_push
FNDA:0,_push
FN:268,_add
FNDA:0,_add
FN:272,_subtract
FNDA:0,_subtract
FN:279,_getVotingUnits
FNDA:0,_getVotingUnits
end_of_record
SF:/workspaces/codespaces-blank/Invariants-Playground/Malo-Dao/contracts/lib/openzeppelin-contracts-upgradeable/contracts/proxy/utils/Initializable.sol
DA:106,1
DA:109,7
DA:110,1
DA:117,3
DA:118,3
DA:120,1
DA:121,0
DA:123,1
DA:125,7
DA:128,1
DA:129,5
DA:130,11
DA:171,0
DA:180,0
DA:216,0
DA:225,1
FN:178,_checkInitializing
FNDA:0,_checkInitializing
FN:192,_disableInitializers
FNDA:0,_disableInitializers
FN:208,_getInitializedVersion
FNDA:0,_getInitializedVersion
FN:215,_isInitializing
FNDA:0,_isInitializing
FN:223,_getInitializableStorage
FNDA:1,_getInitializableStorage
end_of_record
SF:/workspaces/codespaces-blank/Invariants-Playground/Malo-Dao/contracts/lib/openzeppelin-contracts-upgradeable/contracts/proxy/utils/UUPSUpgradeable.sol
DA:22,1
DA:32,0
DA:52,0
DA:61,0
DA:78,0
DA:93,0
DA:94,0
DA:104,0
DA:105,0
DA:107,0
DA:116,0
DA:118,0
DA:143,0
DA:144,0
DA:145,0
DA:147,0
DA:150,0
FN:65,__UUPSUpgradeable_init
FNDA:0,__UUPSUpgradeable_init
FN:68,__UUPSUpgradeable_init_unchained
FNDA:0,__UUPSUpgradeable_init_unchained
FN:78,proxiableUUID
FNDA:0,proxiableUUID
FN:92,upgradeToAndCall
FNDA:0,upgradeToAndCall
FN:102,_checkProxy
FNDA:0,_checkProxy
FN:115,_checkNotDelegated
FNDA:0,_checkNotDelegated
FN:132,_authorizeUpgrade
FNDA:0,_authorizeUpgrade
FN:142,_upgradeToAndCallUUPS
FNDA:0,_upgradeToAndCallUUPS
end_of_record
SF:/workspaces/codespaces-blank/Invariants-Playground/Malo-Dao/contracts/lib/openzeppelin-contracts-upgradeable/contracts/token/ERC20/ERC20Upgradeable.sol
DA:48,0
DA:59,0
DA:64,0
DA:65,0
DA:71,0
DA:72,0
DA:73,0
DA:80,0
DA:82,0
DA:99,0
DA:107,0
DA:113,2
DA:114,1
DA:115,1
DA:126,1
DA:128,3
DA:135,1
DA:137,1
DA:150,1
DA:152,3
DA:153,2
DA:172,1
DA:174,3
DA:175,4
DA:176,1
DA:190,2
DA:191,0
DA:193,2
DA:194,0
DA:196,4
DA:208,2
DA:210,0
DA:212,14
DA:213,3
DA:214,0
DA:218,5
DA:222,2
DA:225,0
DA:230,1
DA:234,3
DA:283,5
DA:306,2
DA:307,0
DA:309,2
DA:310,0
DA:312,3
DA:314,3
DA:327,4
DA:328,1
DA:329,2
DA:330,0
DA:333,6
FN:46,_getERC20Storage
FNDA:0,_getERC20Storage
FN:58,__ERC20_init
FNDA:0,__ERC20_init
FN:62,__ERC20_init_unchained
FNDA:0,__ERC20_init_unchained
FN:71,name
FNDA:0,name
FN:80,symbol
FNDA:0,symbol
FN:98,decimals
FNDA:0,decimals
FN:105,totalSupply
FNDA:0,totalSupply
FN:113,balanceOf
FNDA:1,balanceOf
FN:126,transfer
FNDA:1,transfer
FN:135,allowance
FNDA:1,allowance
FN:150,approve
FNDA:1,approve
FN:172,transferFrom
FNDA:1,transferFrom
FN:189,_transfer
FNDA:1,_transfer
FN:206,_update
FNDA:1,_update
FN:245,_mint
FNDA:0,_mint
FN:260,_burn
FNDA:0,_burn
FN:282,_approve
FNDA:1,_approve
FN:304,_approve
FNDA:1,_approve
FN:326,_spendAllowance
FNDA:1,_spendAllowance
end_of_record
SF:/workspaces/codespaces-blank/Invariants-Playground/Malo-Dao/contracts/lib/openzeppelin-contracts-upgradeable/contracts/token/ERC20/extensions/ERC20PermitUpgradeable.sol
DA:23,0
DA:41,0
DA:58,0
DA:59,0
DA:62,0
DA:64,0
DA:66,0
DA:67,0
DA:68,0
DA:71,0
DA:77,0
DA:78,0
DA:85,0
DA:86,0
FN:40,__ERC20Permit_init
FNDA:0,__ERC20Permit_init
FN:44,__ERC20Permit_init_unchained
FNDA:0,__ERC20Permit_init_unchained
FN:49,permit
FNDA:0,permit
FN:77,nonces
FNDA:0,nonces
FN:85,DOMAIN_SEPARATOR
FNDA:0,DOMAIN_SEPARATOR
end_of_record
SF:/workspaces/codespaces-blank/Invariants-Playground/Malo-Dao/contracts/lib/openzeppelin-contracts-upgradeable/contracts/token/ERC20/extensions/ERC20VotesUpgradeable.sol
DA:30,0
DA:55,4
DA:56,2
DA:57,0
DA:59,0
DA:60,0
DA:63,4
DA:72,1
DA:73,2
DA:79,0
DA:80,0
DA:87,0
FN:30,__ERC20Votes_init
FNDA:0,__ERC20Votes_init
FN:33,__ERC20Votes_init_unchained
FNDA:0,__ERC20Votes_init_unchained
FN:45,_maxSupply
FNDA:0,_maxSupply
FN:54,_update
FNDA:1,_update
FN:72,_getVotingUnits
FNDA:1,_getVotingUnits
FN:79,numCheckpoints
FNDA:0,numCheckpoints
FN:86,checkpoints
FNDA:0,checkpoints
end_of_record
SF:/workspaces/codespaces-blank/Invariants-Playground/Malo-Dao/contracts/lib/openzeppelin-contracts-upgradeable/contracts/utils/ContextUpgradeable.sol
DA:24,9
FN:18,__Context_init
FNDA:0,__Context_init
FN:21,__Context_init_unchained
FNDA:0,__Context_init_unchained
FN:23,_msgSender
FNDA:1,_msgSender
FN:27,_msgData
FNDA:0,_msgData
FN:31,_contextSuffixLength
FNDA:0,_contextSuffixLength
end_of_record
SF:/workspaces/codespaces-blank/Invariants-Playground/Malo-Dao/contracts/lib/openzeppelin-contracts-upgradeable/contracts/utils/NoncesUpgradeable.sol
DA:25,0
DA:37,0
DA:38,0
DA:47,0
DA:53,0
DA:61,0
DA:62,0
DA:63,0
FN:23,_getNoncesStorage
FNDA:0,_getNoncesStorage
FN:29,__Nonces_init
FNDA:0,__Nonces_init
FN:32,__Nonces_init_unchained
FNDA:0,__Nonces_init_unchained
FN:37,nonces
FNDA:0,nonces
FN:47,_useNonce
FNDA:0,_useNonce
FN:60,_useCheckedNonce
FNDA:0,_useCheckedNonce
end_of_record
SF:/workspaces/codespaces-blank/Invariants-Playground/Malo-Dao/contracts/lib/openzeppelin-contracts-upgradeable/contracts/utils/PausableUpgradeable.sol
DA:29,0
DA:57,0
DA:62,0
DA:73,0
DA:94,0
DA:102,0
FN:27,_getPausableStorage
FNDA:0,_getPausableStorage
FN:56,__Pausable_init
FNDA:0,__Pausable_init
FN:60,__Pausable_init_unchained
FNDA:0,__Pausable_init_unchained
FN:92,paused
FNDA:0,paused
FN:100,_requireNotPaused
FNDA:0,_requireNotPaused
FN:109,_requirePaused
FNDA:0,_requirePaused
FN:122,_pause
FNDA:0,_pause
FN:135,_unpause
FNDA:0,_unpause
end_of_record
SF:/workspaces/codespaces-blank/Invariants-Playground/Malo-Dao/contracts/lib/openzeppelin-contracts-upgradeable/contracts/utils/ReentrancyGuardUpgradeable.sol
DA:38,0
DA:39,0
DA:61,0
DA:64,0
DA:77,0
DA:79,0
DA:85,0
DA:86,0
DA:90,0
DA:97,0
FN:49,_getReentrancyGuardStorage
FNDA:0,_getReentrancyGuardStorage
FN:60,__ReentrancyGuard_init
FNDA:0,__ReentrancyGuard_init
FN:64,__ReentrancyGuard_init_unchained
FNDA:0,__ReentrancyGuard_init_unchained
FN:82,_nonReentrantBefore
FNDA:0,_nonReentrantBefore
FN:93,_nonReentrantAfter
FNDA:0,_nonReentrantAfter
FN:104,_reentrancyGuardEntered
FNDA:0,_reentrancyGuardEntered
end_of_record
SF:/workspaces/codespaces-blank/Invariants-Playground/Malo-Dao/contracts/lib/openzeppelin-contracts-upgradeable/contracts/utils/cryptography/EIP712Upgradeable.sol
DA:34,0
DA:52,0
DA:74,0
DA:75,0
DA:78,0
DA:79,0
DA:85,0
DA:86,0
DA:89,0
DA:90,0
DA:108,0
DA:109,0
DA:120,0
DA:121,0
DA:129,0
DA:132,0
DA:136,0
DA:137,0
DA:138,0
DA:139,0
DA:140,0
DA:141,0
DA:151,0
DA:153,0
DA:162,0
DA:163,0
DA:172,0
DA:174,0
DA:175,0
DA:176,0
DA:180,0
DA:181,0
DA:182,0
DA:184,0
DA:194,0
DA:196,0
DA:197,0
DA:198,0
DA:202,0
DA:203,0
DA:204,0
FN:50,_getEIP712Storage
FNDA:0,_getEIP712Storage
FN:68,__EIP712_init
FNDA:0,__EIP712_init
FN:72,__EIP712_init_unchained
FNDA:0,__EIP712_init_unchained
FN:85,_domainSeparatorV4
FNDA:0,_domainSeparatorV4
FN:89,_buildDomainSeparator
FNDA:0,_buildDomainSeparator
FN:108,_hashTypedDataV4
FNDA:0,_hashTypedDataV4
FN:115,eip712Domain
FNDA:0,eip712Domain
FN:151,_EIP712Name
FNDA:0,_EIP712Name
FN:162,_EIP712Version
FNDA:0,_EIP712Version
FN:172,_EIP712NameHash
FNDA:0,_EIP712NameHash
FN:194,_EIP712VersionHash
FNDA:0,_EIP712VersionHash
end_of_record
SF:/workspaces/codespaces-blank/Invariants-Playground/Malo-Dao/contracts/lib/openzeppelin-contracts-upgradeable/contracts/utils/introspection/ERC165Upgradeable.sol
DA:31,0
FN:22,__ERC165_init
FNDA:0,__ERC165_init
FN:25,__ERC165_init_unchained
FNDA:0,__ERC165_init_unchained
FN:30,supportsInterface
FNDA:0,supportsInterface
end_of_record
SF:/workspaces/codespaces-blank/Invariants-Playground/Malo-Dao/contracts/lib/openzeppelin-contracts/contracts/access/IAccessControl.sol
end_of_record
SF:/workspaces/codespaces-blank/Invariants-Playground/Malo-Dao/contracts/lib/openzeppelin-contracts/contracts/governance/utils/IVotes.sol
end_of_record
SF:/workspaces/codespaces-blank/Invariants-Playground/Malo-Dao/contracts/lib/openzeppelin-contracts/contracts/interfaces/IERC1967.sol
end_of_record
SF:/workspaces/codespaces-blank/Invariants-Playground/Malo-Dao/contracts/lib/openzeppelin-contracts/contracts/interfaces/IERC5267.sol
end_of_record
SF:/workspaces/codespaces-blank/Invariants-Playground/Malo-Dao/contracts/lib/openzeppelin-contracts/contracts/interfaces/IERC5805.sol
end_of_record
SF:/workspaces/codespaces-blank/Invariants-Playground/Malo-Dao/contracts/lib/openzeppelin-contracts/contracts/interfaces/IERC6372.sol
end_of_record
SF:/workspaces/codespaces-blank/Invariants-Playground/Malo-Dao/contracts/lib/openzeppelin-contracts/contracts/interfaces/draft-IERC1822.sol
end_of_record
SF:/workspaces/codespaces-blank/Invariants-Playground/Malo-Dao/contracts/lib/openzeppelin-contracts/contracts/interfaces/draft-IERC6093.sol
end_of_record
SF:/workspaces/codespaces-blank/Invariants-Playground/Malo-Dao/contracts/lib/openzeppelin-contracts/contracts/proxy/ERC1967/ERC1967Utils.sol
DA:15,0
DA:47,0
DA:54,0
DA:55,0
DA:57,0
DA:68,0
DA:69,0
DA:71,0
DA:72,0
DA:74,0
DA:173,0
DA:174,0
FN:46,getImplementation
FNDA:0,getImplementation
FN:53,_setImplementation
FNDA:0,_setImplementation
FN:67,upgradeToAndCall
FNDA:0,upgradeToAndCall
FN:92,getAdmin
FNDA:0,getAdmin
FN:99,_setAdmin
FNDA:0,_setAdmin
FN:111,changeAdmin
FNDA:0,changeAdmin
FN:126,getBeacon
FNDA:0,getBeacon
FN:133,_setBeacon
FNDA:0,_setBeacon
FN:157,upgradeBeaconToAndCall
FNDA:0,upgradeBeaconToAndCall
FN:172,_checkNonPayable
FNDA:0,_checkNonPayable
end_of_record
SF:/workspaces/codespaces-blank/Invariants-Playground/Malo-Dao/contracts/lib/openzeppelin-contracts/contracts/proxy/beacon/IBeacon.sol
end_of_record
SF:/workspaces/codespaces-blank/Invariants-Playground/Malo-Dao/contracts/lib/openzeppelin-contracts/contracts/token/ERC20/IERC20.sol
end_of_record
SF:/workspaces/codespaces-blank/Invariants-Playground/Malo-Dao/contracts/lib/openzeppelin-contracts/contracts/token/ERC20/extensions/IERC20Metadata.sol
end_of_record
SF:/workspaces/codespaces-blank/Invariants-Playground/Malo-Dao/contracts/lib/openzeppelin-contracts/contracts/token/ERC20/extensions/IERC20Permit.sol
end_of_record
SF:/workspaces/codespaces-blank/Invariants-Playground/Malo-Dao/contracts/lib/openzeppelin-contracts/contracts/utils/Address.sol
DA:11,0
DA:96,0
DA:97,0
DA:98,0
DA:110,0
DA:111,0
DA:112,0
DA:116,0
DA:117,0
DA:119,0
DA:140,0
DA:143,0
DA:144,0
DA:147,0
FN:33,sendValue
FNDA:0,sendValue
FN:62,functionCall
FNDA:0,functionCall
FN:75,functionCallWithValue
FNDA:0,functionCallWithValue
FN:87,functionStaticCall
FNDA:0,functionStaticCall
FN:96,functionDelegateCall
FNDA:0,functionDelegateCall
FN:106,verifyCallResultFromTarget
FNDA:0,verifyCallResultFromTarget
FN:127,verifyCallResult
FNDA:0,verifyCallResult
FN:138,_revert
FNDA:0,_revert
end_of_record
SF:/workspaces/codespaces-blank/Invariants-Playground/Malo-Dao/contracts/lib/openzeppelin-contracts/contracts/utils/Errors.sol
DA:14,0
end_of_record
SF:/workspaces/codespaces-blank/Invariants-Playground/Malo-Dao/contracts/lib/openzeppelin-contracts/contracts/utils/Panic.sol
DA:26,0
FN:50,panic
FNDA:0,panic
end_of_record
SF:/workspaces/codespaces-blank/Invariants-Playground/Malo-Dao/contracts/lib/openzeppelin-contracts/contracts/utils/StorageSlot.sol
DA:34,0
FN:66,getAddressSlot
FNDA:0,getAddressSlot
FN:75,getBooleanSlot
FNDA:0,getBooleanSlot
FN:84,getBytes32Slot
FNDA:0,getBytes32Slot
FN:93,getUint256Slot
FNDA:0,getUint256Slot
FN:102,getInt256Slot
FNDA:0,getInt256Slot
FN:111,getStringSlot
FNDA:0,getStringSlot
FN:120,getStringSlot
FNDA:0,getStringSlot
FN:129,getBytesSlot
FNDA:0,getBytesSlot
FN:138,getBytesSlot
FNDA:0,getBytesSlot
end_of_record
SF:/workspaces/codespaces-blank/Invariants-Playground/Malo-Dao/contracts/lib/openzeppelin-contracts/contracts/utils/Strings.sol
DA:13,0
FN:37,toString
FNDA:0,toString
FN:60,toStringSigned
FNDA:0,toStringSigned
FN:67,toHexString
FNDA:0,toHexString
FN:76,toHexString
FNDA:0,toHexString
FN:95,toHexString
FNDA:0,toHexString
FN:103,toChecksumHexString
FNDA:0,toChecksumHexString
FN:126,equal
FNDA:0,equal
FN:137,parseUint
FNDA:0,parseUint
FN:149,parseUint
FNDA:0,parseUint
FN:160,tryParseUint
FNDA:0,tryParseUint
FN:170,tryParseUint
FNDA:0,tryParseUint
FN:183,_tryParseUintUncheckedBounds
FNDA:0,_tryParseUintUncheckedBounds
FN:207,parseInt
FNDA:0,parseInt
FN:219,parseInt
FNDA:0,parseInt
FN:231,tryParseInt
FNDA:0,tryParseInt
FN:243,tryParseInt
FNDA:0,tryParseInt
FN:256,_tryParseIntUncheckedBounds
FNDA:0,_tryParseIntUncheckedBounds
FN:285,parseHexUint
FNDA:0,parseHexUint
FN:297,parseHexUint
FNDA:0,parseHexUint
FN:308,tryParseHexUint
FNDA:0,tryParseHexUint
FN:318,tryParseHexUint
FNDA:0,tryParseHexUint
FN:331,_tryParseHexUintUncheckedBounds
FNDA:0,_tryParseHexUintUncheckedBounds
FN:362,parseAddress
FNDA:0,parseAddress
FN:373,parseAddress
FNDA:0,parseAddress
FN:383,tryParseAddress
FNDA:0,tryParseAddress
FN:391,tryParseAddress
FNDA:0,tryParseAddress
FN:411,_tryParseChr
FNDA:0,_tryParseChr
FN:435,_unsafeReadBytesOffset
FNDA:0,_unsafeReadBytesOffset
end_of_record
SF:/workspaces/codespaces-blank/Invariants-Playground/Malo-Dao/contracts/lib/openzeppelin-contracts/contracts/utils/cryptography/ECDSA.sol
DA:12,0
DA:133,0
DA:143,0
DA:144,0
DA:148,0
DA:149,0
DA:150,0
DA:153,0
DA:160,0
DA:161,0
DA:162,0
DA:163,0
DA:170,0
DA:172,0
DA:173,0
DA:174,0
DA:175,0
DA:176,0
DA:177,0
FN:56,tryRecover
FNDA:0,tryRecover
FN:91,recover
FNDA:0,recover
FN:102,tryRecover
FNDA:0,tryRecover
FN:118,recover
FNDA:0,recover
FN:128,tryRecover
FNDA:0,tryRecover
FN:160,recover
FNDA:0,recover
FN:169,_throwError
FNDA:0,_throwError
end_of_record
SF:/workspaces/codespaces-blank/Invariants-Playground/Malo-Dao/contracts/lib/openzeppelin-contracts/contracts/utils/cryptography/MessageHashUtils.sol
DA:15,0
DA:77,0
DA:78,0
DA:79,0
DA:80,0
DA:81,0
FN:30,toEthSignedMessageHash
FNDA:0,toEthSignedMessageHash
FN:48,toEthSignedMessageHash
FNDA:0,toEthSignedMessageHash
FN:62,toDataWithIntendedValidatorHash
FNDA:0,toDataWithIntendedValidatorHash
FN:75,toTypedDataHash
FNDA:0,toTypedDataHash
end_of_record
SF:/workspaces/codespaces-blank/Invariants-Playground/Malo-Dao/contracts/lib/openzeppelin-contracts/contracts/utils/introspection/IERC165.sol
end_of_record
SF:/workspaces/codespaces-blank/Invariants-Playground/Malo-Dao/contracts/lib/openzeppelin-contracts/contracts/utils/math/Math.sol
DA:12,0
DA:110,0
DA:112,0
DA:420,0
DA:423,0
DA:424,0
DA:439,0
DA:440,0
DA:442,0
DA:443,0
DA:444,0
DA:446,0
DA:447,0
DA:448,0
DA:450,0
DA:451,0
DA:452,0
DA:454,0
DA:455,0
DA:456,0
DA:458,0
DA:459,0
DA:460,0
DA:462,0
DA:463,0
DA:464,0
DA:466,0
DA:467,0
DA:475,0
DA:512,0
DA:513,0
DA:514,0
DA:515,0
DA:516,0
DA:517,0
DA:522,0
FN:23,tryAdd
FNDA:0,tryAdd
FN:34,trySub
FNDA:0,trySub
FN:44,tryMul
FNDA:0,tryMul
FN:59,tryDiv
FNDA:0,tryDiv
FN:69,tryMod
FNDA:0,tryMod
FN:83,ternary
FNDA:0,ternary
FN:95,max
FNDA:0,max
FN:102,min
FNDA:0,min
FN:110,average
FNDA:0,average
FN:121,ceilDiv
FNDA:0,ceilDiv
FN:144,mulDiv
FNDA:0,mulDiv
FN:228,mulDiv
FNDA:0,mulDiv
FN:243,invMod
FNDA:0,invMod
FN:300,invModPrime
FNDA:0,invModPrime
FN:319,modExp
FNDA:0,modExp
FN:337,tryModExp
FNDA:0,tryModExp
FN:366,modExp
FNDA:0,modExp
FN:377,tryModExp
FNDA:0,tryModExp
FN:404,_zeroBytes
FNDA:0,_zeroBytes
FN:420,sqrt
FNDA:0,sqrt
FN:529,sqrt
FNDA:0,sqrt
FN:540,log2
FNDA:0,log2
FN:581,log2
FNDA:0,log2
FN:592,log10
FNDA:0,log10
FN:630,log10
FNDA:0,log10
FN:643,log256
FNDA:0,log256
FN:672,log256
FNDA:0,log256
FN:682,unsignedRoundsUp
FNDA:0,unsignedRoundsUp
end_of_record
SF:/workspaces/codespaces-blank/Invariants-Playground/Malo-Dao/contracts/lib/openzeppelin-contracts/contracts/utils/math/SafeCast.sol
DA:19,0
DA:135,0
DA:136,0
DA:137,0
DA:475,0
DA:476,0
DA:477,0
DA:479,0
DA:509,0
DA:510,0
DA:511,0
DA:1157,0
FN:50,toUint248
FNDA:0,toUint248
FN:67,toUint240
FNDA:0,toUint240
FN:84,toUint232
FNDA:0,toUint232
FN:101,toUint224
FNDA:0,toUint224
FN:118,toUint216
FNDA:0,toUint216
FN:135,toUint208
FNDA:0,toUint208
FN:152,toUint200
FNDA:0,toUint200
FN:169,toUint192
FNDA:0,toUint192
FN:186,toUint184
FNDA:0,toUint184
FN:203,toUint176
FNDA:0,toUint176
FN:220,toUint168
FNDA:0,toUint168
FN:237,toUint160
FNDA:0,toUint160
FN:254,toUint152
FNDA:0,toUint152
FN:271,toUint144
FNDA:0,toUint144
FN:288,toUint136
FNDA:0,toUint136
FN:305,toUint128
FNDA:0,toUint128
FN:322,toUint120
FNDA:0,toUint120
FN:339,toUint112
FNDA:0,toUint112
FN:356,toUint104
FNDA:0,toUint104
FN:373,toUint96
FNDA:0,toUint96
FN:390,toUint88
FNDA:0,toUint88
FN:407,toUint80
FNDA:0,toUint80
FN:424,toUint72
FNDA:0,toUint72
FN:441,toUint64
FNDA:0,toUint64
FN:458,toUint56
FNDA:0,toUint56
FN:475,toUint48
FNDA:0,toUint48
FN:492,toUint40
FNDA:0,toUint40
FN:509,toUint32
FNDA:0,toUint32
FN:526,toUint24
FNDA:0,toUint24
FN:543,toUint16
FNDA:0,toUint16
FN:560,toUint8
FNDA:0,toUint8
FN:574,toUint256
FNDA:0,toUint256
FN:592,toInt248
FNDA:0,toInt248
FN:610,toInt240
FNDA:0,toInt240
FN:628,toInt232
FNDA:0,toInt232
FN:646,toInt224
FNDA:0,toInt224
FN:664,toInt216
FNDA:0,toInt216
FN:682,toInt208
FNDA:0,toInt208
FN:700,toInt200
FNDA:0,toInt200
FN:718,toInt192
FNDA:0,toInt192
FN:736,toInt184
FNDA:0,toInt184
FN:754,toInt176
FNDA:0,toInt176
FN:772,toInt168
FNDA:0,toInt168
FN:790,toInt160
FNDA:0,toInt160
FN:808,toInt152
FNDA:0,toInt152
FN:826,toInt144
FNDA:0,toInt144
FN:844,toInt136
FNDA:0,toInt136
FN:862,toInt128
FNDA:0,toInt128
FN:880,toInt120
FNDA:0,toInt120
FN:898,toInt112
FNDA:0,toInt112
FN:916,toInt104
FNDA:0,toInt104
FN:934,toInt96
FNDA:0,toInt96
FN:952,toInt88
FNDA:0,toInt88
FN:970,toInt80
FNDA:0,toInt80
FN:988,toInt72
FNDA:0,toInt72
FN:1006,toInt64
FNDA:0,toInt64
FN:1024,toInt56
FNDA:0,toInt56
FN:1042,toInt48
FNDA:0,toInt48
FN:1060,toInt40
FNDA:0,toInt40
FN:1078,toInt32
FNDA:0,toInt32
FN:1096,toInt24
FNDA:0,toInt24
FN:1114,toInt16
FNDA:0,toInt16
FN:1132,toInt8
FNDA:0,toInt8
FN:1146,toInt256
FNDA:0,toInt256
FN:1157,toUint
FNDA:0,toUint
end_of_record
SF:/workspaces/codespaces-blank/Invariants-Playground/Malo-Dao/contracts/lib/openzeppelin-contracts/contracts/utils/math/SignedMath.sol
DA:11,0
FN:19,ternary
FNDA:0,ternary
FN:31,max
FNDA:0,max
FN:38,min
FNDA:0,min
FN:46,average
FNDA:0,average
FN:55,abs
FNDA:0,abs
end_of_record
SF:/workspaces/codespaces-blank/Invariants-Playground/Malo-Dao/contracts/lib/openzeppelin-contracts/contracts/utils/structs/Checkpoints.sol
DA:16,0
DA:246,0
DA:247,0
DA:277,0
DA:278,0
DA:283,0
DA:284,0
DA:285,0
DA:286,0
DA:288,0
DA:292,0
DA:294,0
DA:300,0
DA:301,0
DA:302,0
DA:323,0
DA:330,0
DA:341,0
DA:342,0
DA:344,0
DA:345,0
DA:346,0
DA:347,0
DA:350,0
DA:351,0
DA:355,0
DA:356,0
DA:358,0
DA:360,0
DA:362,0
DA:363,0
DA:379,0
DA:380,0
DA:381,0
DA:382,0
DA:383,0
DA:385,0
DA:388,0
DA:421,0
DA:423,0
DA:424,0
FN:39,push
FNDA:0,push
FN:51,lowerLookup
FNDA:0,lowerLookup
FN:61,upperLookup
FNDA:0,upperLookup
FN:74,upperLookupRecent
FNDA:0,upperLookupRecent
FN:97,latest
FNDA:0,latest
FN:106,latestCheckpoint
FNDA:0,latestCheckpoint
FN:119,length
FNDA:0,length
FN:126,at
FNDA:0,at
FN:134,_insert
FNDA:0,_insert
FN:171,_upperBinaryLookup
FNDA:0,_upperBinaryLookup
FN:195,_lowerBinaryLookup
FNDA:0,_lowerBinaryLookup
FN:215,_unsafeAccess
FNDA:0,_unsafeAccess
FN:242,push
FNDA:0,push
FN:254,lowerLookup
FNDA:0,lowerLookup
FN:264,upperLookup
FNDA:0,upperLookup
FN:277,upperLookupRecent
FNDA:0,upperLookupRecent
FN:300,latest
FNDA:0,latest
FN:309,latestCheckpoint
FNDA:0,latestCheckpoint
FN:322,length
FNDA:0,length
FN:329,at
FNDA:0,at
FN:337,_insert
FNDA:0,_insert
FN:374,_upperBinaryLookup
FNDA:0,_upperBinaryLookup
FN:398,_lowerBinaryLookup
FNDA:0,_lowerBinaryLookup
FN:418,_unsafeAccess
FNDA:0,_unsafeAccess
FN:445,push
FNDA:0,push
FN:457,lowerLookup
FNDA:0,lowerLookup
FN:467,upperLookup
FNDA:0,upperLookup
FN:480,upperLookupRecent
FNDA:0,upperLookupRecent
FN:503,latest
FNDA:0,latest
FN:512,latestCheckpoint
FNDA:0,latestCheckpoint
FN:525,length
FNDA:0,length
FN:532,at
FNDA:0,at
FN:540,_insert
FNDA:0,_insert
FN:577,_upperBinaryLookup
FNDA:0,_upperBinaryLookup
FN:601,_lowerBinaryLookup
FNDA:0,_lowerBinaryLookup
FN:621,_unsafeAccess
FNDA:0,_unsafeAccess
end_of_record
SF:/workspaces/codespaces-blank/Invariants-Playground/Malo-Dao/contracts/lib/openzeppelin-contracts/contracts/utils/types/Time.sol
DA:20,0
DA:33,0
DA:34,0
FN:26,timestamp
FNDA:0,timestamp
FN:33,blockNumber
FNDA:0,blockNumber
FN:66,toDelay
FNDA:0,toDelay
FN:74,_getFullAt
FNDA:0,_getFullAt
FN:86,getFull
FNDA:0,getFull
FN:93,get
FNDA:0,get
FN:103,withUpdate
FNDA:0,withUpdate
FN:117,unpack
FNDA:0,unpack
FN:130,pack
FNDA:0,pack
end_of_record
SF:/workspaces/codespaces-blank/Invariants-Playground/Malo-Dao/contracts/src/Counter.sol
DA:4,0
DA:5,0
DA:8,0
DA:12,0
FN:7,setNumber
FNDA:0,setNumber
FN:11,increment
FNDA:0,increment
end_of_record
SF:/workspaces/codespaces-blank/Invariants-Playground/Malo-Dao/contracts/src/MasterChefGovernance.sol
DA:43,0
DA:44,0
DA:45,0
DA:47,0
DA:48,0
DA:49,0
DA:50,0
DA:51,0
DA:52,0
DA:53,8
DA:54,0
DA:55,4
DA:56,0
DA:58,0
DA:59,0
DA:61,0
DA:62,0
DA:63,0
DA:75,6
DA:82,0
DA:83,0
DA:84,0
DA:85,0
DA:86,0
DA:87,0
DA:88,0
DA:90,0
DA:91,0
DA:92,0
DA:94,0
DA:95,0
DA:96,0
DA:102,0
DA:106,0
DA:107,0
DA:108,0
DA:109,0
DA:112,0
DA:113,0
DA:114,0
DA:123,4
DA:130,0
DA:132,0
DA:136,0
DA:137,0
DA:139,0
DA:140,0
DA:141,0
DA:142,0
DA:144,0
DA:148,0
DA:149,0
DA:151,0
DA:152,0
DA:154,0
DA:155,0
DA:156,0
DA:157,0
DA:159,0
DA:161,0
DA:164,0
DA:165,0
DA:166,0
DA:170,2
DA:171,3
DA:172,2
DA:173,1
DA:174,1
DA:175,1
DA:176,2
DA:177,1
DA:178,1
DA:179,1
DA:180,1
DA:181,2
DA:184,6
DA:188,0
DA:189,0
DA:190,0
DA:191,0
DA:193,0
DA:194,0
DA:198,0
DA:199,0
DA:201,0
DA:202,0
DA:204,0
DA:205,0
DA:209,0
DA:210,0
DA:211,0
DA:213,0
DA:214,0
DA:218,0
DA:219,0
DA:221,0
DA:222,0
DA:224,0
FN:77,initialize
FNDA:0,initialize
FN:101,_authorizeUpgrade
FNDA:0,_authorizeUpgrade
FN:105,_setupInitialGovernance
FNDA:0,_setupInitialGovernance
FN:119,_update
FNDA:1,_update
FN:126,nonces
FNDA:0,nonces
FN:135,stake
FNDA:0,stake
FN:147,unstake
FNDA:0,unstake
FN:164,calculateRewards
FNDA:0,calculateRewards
FN:169,createProposal
FNDA:1,createProposal
FN:187,executeProposal
FNDA:0,executeProposal
FN:197,vote
FNDA:0,vote
FN:208,sendWarpMessage
FNDA:0,sendWarpMessage
FN:217,mintGovernanceNFT
FNDA:0,mintGovernanceNFT
end_of_record
